<?xml version="1.0" encoding="UTF-8"?>
<!-- Generated by org.testng.reporters.JUnitReportReporter -->
<testsuite hostname="Avii" failures="0" tests="3" name="com.caretobeauty.qa.testcases.NutritionPageTest" time="54.135" errors="0" timestamp="2022-10-14T16:03:48 IST" skipped="0">
  <testcase classname="com.caretobeauty.qa.testcases.NutritionPageTest" name="verifyPageTitle" time="13.041"/>
  <system-out/>
  <testcase classname="com.caretobeauty.qa.testcases.NutritionPageTest" name="verifyNutritionPageHeadTest" time="10.391"/>
  <system-out/>
  <testcase classname="com.caretobeauty.qa.testcases.NutritionPageTest" name="addProductToCart" time="30.703"/>
  <system-out/>
</testsuite> <!-- com.caretobeauty.qa.testcases.NutritionPageTest -->
