<?xml version="1.0" encoding="UTF-8"?>
<!-- Generated by org.testng.reporters.JUnitReportReporter -->
<testsuite hostname="Avii" failures="0" tests="3" name="com.caretobeauty.qa.testcases.NutritionPageTest" time="55.060" errors="0" timestamp="2022-10-17T20:56:31 IST" skipped="0">
  <testcase classname="com.caretobeauty.qa.testcases.NutritionPageTest" name="verifyPageTitle" time="14.107"/>
  <system-out/>
  <testcase classname="com.caretobeauty.qa.testcases.NutritionPageTest" name="verifyNutritionPageHeadTest" time="11.877"/>
  <system-out/>
  <testcase classname="com.caretobeauty.qa.testcases.NutritionPageTest" name="addProductToCart" time="29.076"/>
  <system-out/>
</testsuite> <!-- com.caretobeauty.qa.testcases.NutritionPageTest -->
