<?xml version="1.0" encoding="UTF-8"?>
<!-- Generated by org.testng.reporters.JUnitReportReporter -->
<testsuite hostname="Avii" failures="0" tests="3" name="com.caretobeauty.qa.testcases.HomePageTest" time="25.351" errors="0" timestamp="2022-10-13T20:57:59 IST" skipped="0">
  <testcase classname="com.caretobeauty.qa.testcases.HomePageTest" name="homePageLogoTest" time="6.931"/>
  <system-out/>
  <testcase classname="com.caretobeauty.qa.testcases.HomePageTest" name="validateHomePageTitleTest" time="6.369"/>
  <system-out/>
  <testcase classname="com.caretobeauty.qa.testcases.HomePageTest" name="verifyNutritionLinkTest" time="12.051"/>
  <system-out/>
</testsuite> <!-- com.caretobeauty.qa.testcases.HomePageTest -->
